<?xml version="1.0" encoding="UTF-8"?>
<!-- Generated by org.testng.reporters.JUnitReportReporter -->
<testsuite hostname="DESKTOP-4L0JK01" failures="0" tests="1" name="com.magneto.automation.tests.AddToCartTest" time="0.086" errors="0" timestamp="2025-06-29T10:28:43 GMT-07:00" skipped="0">
  <testcase classname="com.magneto.automation.tests.AddToCartTest" name="testLaunchMagnettoURL" time="0.086"/>
</testsuite> <!-- com.magneto.automation.tests.AddToCartTest -->
